0 info it worked if it ends with ok
1 verbose cli [ '/home/marcomessina/.nvm/versions/node/v6.17.1/bin/node',
1 verbose cli   '/home/marcomessina/.nvm/versions/node/v6.17.1/bin/npm',
1 verbose cli   'start' ]
2 info using npm@3.10.10
3 info using node@v6.17.1
4 verbose run-script [ 'prestart', 'start', 'poststart' ]
5 info lifecycle @xenialab/angular-material-form-builder@1.0.0~prestart: @xenialab/angular-material-form-builder@1.0.0
6 silly lifecycle @xenialab/angular-material-form-builder@1.0.0~prestart: no script for prestart, continuing
7 info lifecycle @xenialab/angular-material-form-builder@1.0.0~start: @xenialab/angular-material-form-builder@1.0.0
8 verbose lifecycle @xenialab/angular-material-form-builder@1.0.0~start: unsafe-perm in lifecycle true
9 verbose lifecycle @xenialab/angular-material-form-builder@1.0.0~start: PATH: /home/marcomessina/.nvm/versions/node/v6.17.1/lib/node_modules/npm/bin/node-gyp-bin:/home/marcomessina/development/angular-material-form-builder/node_modules/.bin:/home/marcomessina/.nvm/versions/node/v6.17.1/bin:/usr/local/sbin:/usr/local/bin:/usr/sbin:/usr/bin:/sbin:/bin:/usr/games:/usr/local/games:/mnt/c/Program Files/WindowsApps/Microsoft.WindowsTerminal_1.6.10571.0_x64__8wekyb3d8bbwe:/mnt/c/Program Files (x86)/VMware/VMware Player/bin/:/mnt/c/Program Files (x86)/Common Files/Oracle/Java/javapath:/mnt/c/WINDOWS/system32:/mnt/c/WINDOWS:/mnt/c/WINDOWS/System32/Wbem:/mnt/c/WINDOWS/System32/WindowsPowerShell/v1.0/:/mnt/c/WINDOWS/System32/OpenSSH/:/mnt/c/Program Files/dotnet/:/mnt/c/Program Files/Microsoft SQL Server/130/Tools/Binn/:/mnt/c/Program Files/Microsoft SQL Server/Client SDK/ODBC/170/Tools/Binn/:/mnt/c/Program Files/PuTTY/:/mnt/c/Program Files (x86)/Microsoft SQL Server/150/DTS/Binn/:/mnt/c/Program Files/Intel/WiFi/bin/:/mnt/c/Program Files/Common Files/Intel/WirelessCommon/:/mnt/c/Program Files (x86)/Intel/Intel(R) Management Engine Components/DAL:/mnt/c/Program Files/Intel/Intel(R) Management Engine Components/DAL:/mnt/c/Program Files/Git/cmd:/mnt/c/xampp/php:/mnt/c/Program Files/nodejs/:/mnt/c/Program Files (x86)/dotnet/:/mnt/c/Users/mmess/AppData/Local/Microsoft/WindowsApps:/mnt/c/Program Files/JetBrains/IntelliJ IDEA 2019.2.2/bin:/mnt/c/Users/mmess/.dotnet/tools:/mnt/c/Users/mmess/AppData/Local/Microsoft/WindowsApps:/mnt/c/Users/mmess/AppData/Local/Programs/Fiddler:/mnt/c/Users/mmess/AppData/Local/Google/Cloud SDK/google-cloud-sdk/bin:/mnt/c/Users/mmess/AppData/Local/Programs/Microsoft VS Code/bin:/mnt/c/Users/mmess/AppData/Roaming/npm:/mnt/c/Users/mmess/AppData/Local/GitHubDesktop/bin:/snap/bin
10 verbose lifecycle @xenialab/angular-material-form-builder@1.0.0~start: CWD: /home/marcomessina/development/angular-material-form-builder
11 silly lifecycle @xenialab/angular-material-form-builder@1.0.0~start: Args: [ '-c', 'webpack serve --mode development --env local' ]
12 silly lifecycle @xenialab/angular-material-form-builder@1.0.0~start: Returned: code: 1  signal: null
13 info lifecycle @xenialab/angular-material-form-builder@1.0.0~start: Failed to exec start script
14 verbose stack Error: @xenialab/angular-material-form-builder@1.0.0 start: `webpack serve --mode development --env local`
14 verbose stack Exit status 1
14 verbose stack     at EventEmitter.<anonymous> (/home/marcomessina/.nvm/versions/node/v6.17.1/lib/node_modules/npm/lib/utils/lifecycle.js:255:16)
14 verbose stack     at emitTwo (events.js:106:13)
14 verbose stack     at EventEmitter.emit (events.js:191:7)
14 verbose stack     at ChildProcess.<anonymous> (/home/marcomessina/.nvm/versions/node/v6.17.1/lib/node_modules/npm/lib/utils/spawn.js:40:14)
14 verbose stack     at emitTwo (events.js:106:13)
14 verbose stack     at ChildProcess.emit (events.js:191:7)
14 verbose stack     at maybeClose (internal/child_process.js:920:16)
14 verbose stack     at Process.ChildProcess._handle.onexit (internal/child_process.js:230:5)
15 verbose pkgid @xenialab/angular-material-form-builder@1.0.0
16 verbose cwd /home/marcomessina/development/angular-material-form-builder
17 error Linux 5.4.72-microsoft-standard-WSL2
18 error argv "/home/marcomessina/.nvm/versions/node/v6.17.1/bin/node" "/home/marcomessina/.nvm/versions/node/v6.17.1/bin/npm" "start"
19 error node v6.17.1
20 error npm  v3.10.10
21 error code ELIFECYCLE
22 error @xenialab/angular-material-form-builder@1.0.0 start: `webpack serve --mode development --env local`
22 error Exit status 1
23 error Failed at the @xenialab/angular-material-form-builder@1.0.0 start script 'webpack serve --mode development --env local'.
23 error Make sure you have the latest version of node.js and npm installed.
23 error If you do, this is most likely a problem with the @xenialab/angular-material-form-builder package,
23 error not with npm itself.
23 error Tell the author that this fails on your system:
23 error     webpack serve --mode development --env local
23 error You can get information on how to open an issue for this project with:
23 error     npm bugs @xenialab/angular-material-form-builder
23 error Or if that isn't available, you can get their info via:
23 error     npm owner ls @xenialab/angular-material-form-builder
23 error There is likely additional logging output above.
24 verbose exit [ 1, true ]
